2023-09-24T12:23:27.388+0530 INFO HV000001: Hibernate Validator 8.0.1.Final
2023-09-24T12:23:27.408+0530 INFO Starting TheaterManagementServiceApplicationTests using Java 17.0.5 with PID 18952 (started by ashis in D:\ActionArea\MyDevelopmentWorkspace\MyBackEndDesk\LowLevelDesign\BookMyMovie\BookMyMovieProject\BookMyMovie\TheaterManagementService)
2023-09-24T12:23:27.413+0530 DEBUG Running with Spring Boot v3.1.4, Spring v6.0.12
2023-09-24T12:23:27.414+0530 INFO The following 1 profile is active: "dev"
2023-09-24T12:23:28.116+0530 INFO Bootstrapping Spring Data JPA repositories in DEFAULT mode.
2023-09-24T12:23:28.144+0530 INFO Finished Spring Data repository scanning in 15 ms. Found 0 JPA repository interfaces.
2023-09-24T12:23:28.756+0530 INFO HHH000204: Processing PersistenceUnitInfo [name: default]
2023-09-24T12:23:28.811+0530 INFO HHH000412: Hibernate ORM core version 6.2.9.Final
2023-09-24T12:23:28.815+0530 INFO HHH000406: Using bytecode reflection optimizer
2023-09-24T12:23:29.023+0530 INFO HHH000021: Bytecode provider name : bytebuddy
2023-09-24T12:23:29.172+0530 INFO No LoadTimeWeaver setup: ignoring JPA class transformer
2023-09-24T12:23:29.203+0530 INFO HikariPool-1 - Starting...
2023-09-24T12:23:30.342+0530 INFO HikariPool-1 - Added connection org.postgresql.jdbc.PgConnection@3f122cdc
2023-09-24T12:23:30.345+0530 INFO HikariPool-1 - Start completed.
2023-09-24T12:23:30.676+0530 INFO HHH000021: Bytecode provider name : bytebuddy
2023-09-24T12:23:30.889+0530 INFO HHH000490: Using JtaPlatform implementation: [org.hibernate.engine.transaction.jta.platform.internal.NoJtaPlatform]
2023-09-24T12:23:30.894+0530 INFO Initialized JPA EntityManagerFactory for persistence unit 'default'
2023-09-24T12:23:31.081+0530 WARN spring.jpa.open-in-view is enabled by default. Therefore, database queries may be performed during view rendering. Explicitly configure spring.jpa.open-in-view to disable this warning
2023-09-24T12:23:31.520+0530 WARN 

Using generated security password: fc2938b2-a5d6-4a01-82b1-59f909d6f788

This generated password is for development use only. Your security configuration must be updated before running your application in production.

2023-09-24T12:23:31.653+0530 INFO Will secure any request with [org.springframework.security.web.session.DisableEncodeUrlFilter@8ab231, org.springframework.security.web.context.request.async.WebAsyncManagerIntegrationFilter@5b3a8bea, org.springframework.security.web.context.SecurityContextHolderFilter@6b170692, org.springframework.security.web.header.HeaderWriterFilter@ad585fb, org.springframework.security.web.csrf.CsrfFilter@77622c82, org.springframework.security.web.authentication.logout.LogoutFilter@a08e41b, org.springframework.security.web.authentication.UsernamePasswordAuthenticationFilter@49654a35, org.springframework.security.web.authentication.ui.DefaultLoginPageGeneratingFilter@67372d20, org.springframework.security.web.authentication.ui.DefaultLogoutPageGeneratingFilter@6ba0dcba, org.springframework.security.web.authentication.www.BasicAuthenticationFilter@37b1218, org.springframework.security.web.savedrequest.RequestCacheAwareFilter@76980c75, org.springframework.security.web.servletapi.SecurityContextHolderAwareRequestFilter@43120a77, org.springframework.security.web.authentication.AnonymousAuthenticationFilter@6d7772d3, org.springframework.security.web.access.ExceptionTranslationFilter@71817f66, org.springframework.security.web.access.intercept.AuthorizationFilter@66851aa5]
2023-09-24T12:23:31.715+0530 INFO Started TheaterManagementServiceApplicationTests in 4.834 seconds (process running for 6.281)
2023-09-24T12:23:32.758+0530 INFO Closing JPA EntityManagerFactory for persistence unit 'default'
2023-09-24T12:23:32.761+0530 INFO HikariPool-1 - Shutdown initiated...
2023-09-24T12:23:33.133+0530 INFO HikariPool-1 - Shutdown completed.
